February 16, 2012 (2:50:09 pm)
Improper student number - a123456789,harrison,ford,thefalcon@thebar.net

----
February 16, 2012 (2:50:09 pm)
Improper Email address - a00345789,skywalker,luke,thekid@farm.orgx

----
February 16, 2012 (2:57:42 pm)
Improper student number - a123456789,harrison,ford,thefalcon@thebar.net

----
February 16, 2012 (2:57:42 pm)
Improper Email address - a00345789,skywalker,luke,thekid@farm.orgx

----
February 16, 2012 (2:58:25 pm)
Improper student number - a123456789,harrison,ford,thefalcon@thebar.net

----
February 16, 2012 (2:58:25 pm)
Improper Email address - a00345789,skywalker,luke,thekid@farm.orgx

----
February 16, 2012 (2:58:51 pm)
Improper student number - a123456789,harrison,ford,thefalcon@thebar.net

----
February 16, 2012 (2:58:51 pm)
Improper Email address - a00345789,skywalker,luke,thekid@farm.orgx

----
February 16, 2012 (3:08:34 pm)
Improper student number - Course details

----
February 16, 2012 (3:08:34 pm)
Improper Email address - Course details

----
February 16, 2012 (3:08:34 pm)
Improper student number - Start Date

----
February 16, 2012 (3:08:34 pm)
Improper Email address - Start Date

----
February 16, 2012 (3:13:40 pm)
Improper student number - Course details

----
February 16, 2012 (3:13:40 pm)
Improper Email address - Course details

----
February 16, 2012 (3:13:40 pm)
Improper student number - Start Date

----
February 16, 2012 (3:13:40 pm)
Improper Email address - Start Date

----
February 16, 2012 (3:13:41 pm)
Improper student number - Course details

----
February 16, 2012 (3:13:41 pm)
Improper Email address - Course details

----
February 16, 2012 (3:13:41 pm)
Improper student number - Start Date

----
February 16, 2012 (3:13:41 pm)
Improper Email address - Start Date

----
February 16, 2012 (3:14:35 pm)
Improper student number - 

----
February 16, 2012 (3:14:35 pm)
Improper Email address - 

----
February 16, 2012 (3:19:49 pm)
Improper student number - 

----
February 16, 2012 (3:19:49 pm)
Improper Email address - 

----
February 21, 2012 (12:51:21 pm)
Improper student number - a145678,harrison,ford,cccc

----
February 21, 2012 (12:51:21 pm)
Improper Email address - a145678,harrison,ford,cccc

----
February 21, 2012 (12:52:29 pm)
Improper student number - a145678,harrison,ford,cccc

----
February 21, 2012 (12:52:29 pm)
Improper Email address - a145678,harrison,ford,cccc

----
February 21, 2012 (12:54:59 pm)
Improper student number - 

----
February 21, 2012 (12:54:59 pm)
Improper Email address - 

----
February 21, 2012 (12:54:59 pm)
Improper Email address - a12345678,harrison,ford,cccc

----
February 21, 2012 (12:56:34 pm)
Improper student number - a145678,harrison,ford,cccc

----
February 21, 2012 (12:56:34 pm)
Improper Email address - a145678,harrison,ford,cccc

----
